<?xml version="1.0" encoding="UTF-8"?>
<!-- Generated by org.testng.reporters.JUnitXMLReporter -->
<testsuite ignored="0" hostname="LAPTOP-1VHF929S" failures="0" tests="3" name="Default test" time="0.045" errors="0" timestamp="2024-11-10T11:47:56 IST">
  <testcase classname="testngpart.FirstDemoNG" name="subraction" time="0.005"/>
  <testcase classname="testngpart.FirstDemoNG" name="timeOfBatch" time="0.002"/>
  <testcase classname="testngpart.FirstDemoNG" name="sum" time="0.002"/>
</testsuite> <!-- Default test -->
