<?xml version="1.0" encoding="UTF-8"?>
<testng-results ignored="0" total="3" passed="3" failed="0" skipped="0">
  <reporter-output>
  </reporter-output>
  <suite started-at="2024-11-10T11:47:56 IST" name="Default suite" finished-at="2024-11-10T11:47:56 IST" duration-ms="45">
    <groups>
    </groups>
    <test started-at="2024-11-10T11:47:56 IST" name="Default test" finished-at="2024-11-10T11:47:56 IST" duration-ms="45">
      <class name="testngpart.FirstDemoNG">
        <test-method is-config="true" signature="preRequisite()[pri:0, instance:testngpart.FirstDemoNG@59505b48]" started-at="2024-11-10T11:47:56 IST" name="preRequisite" finished-at="2024-11-10T11:47:56 IST" duration-ms="5" status="PASS">
          <reporter-output>
          </reporter-output>
        </test-method> <!-- preRequisite -->
        <test-method signature="subraction()[pri:1, instance:testngpart.FirstDemoNG@59505b48]" started-at="2024-11-10T11:47:56 IST" name="subraction" finished-at="2024-11-10T11:47:56 IST" duration-ms="5" status="PASS">
          <reporter-output>
          </reporter-output>
        </test-method> <!-- subraction -->
        <test-method signature="timeOfBatch()[pri:2, instance:testngpart.FirstDemoNG@59505b48]" started-at="2024-11-10T11:47:56 IST" name="timeOfBatch" finished-at="2024-11-10T11:47:56 IST" duration-ms="2" status="PASS">
          <reporter-output>
          </reporter-output>
        </test-method> <!-- timeOfBatch -->
        <test-method signature="sum()[pri:3, instance:testngpart.FirstDemoNG@59505b48]" started-at="2024-11-10T11:47:56 IST" name="sum" finished-at="2024-11-10T11:47:56 IST" duration-ms="2" status="PASS">
          <reporter-output>
          </reporter-output>
        </test-method> <!-- sum -->
        <test-method is-config="true" signature="lastMethod()[pri:0, instance:testngpart.FirstDemoNG@59505b48]" started-at="2024-11-10T11:47:56 IST" name="lastMethod" finished-at="2024-11-10T11:47:56 IST" duration-ms="0" status="PASS">
          <reporter-output>
          </reporter-output>
        </test-method> <!-- lastMethod -->
      </class> <!-- testngpart.FirstDemoNG -->
    </test> <!-- Default test -->
  </suite> <!-- Default suite -->
</testng-results>
